<?xml version="1.0" encoding="utf-8"?><testsuites name="pytest tests"><testsuite name="pytest" errors="0" failures="0" skipped="1" tests="45" time="31.696" timestamp="2026-04-18T08:57:07.284286+00:00" hostname="agent-env-d8796776-f902-4a3b-bf3a-5d727ead7d4b"><testcase classname="tests.test_ai_meta.TestMeta" name="test_get_categories" time="0.120" /><testcase classname="tests.test_ai_meta.TestAI" name="test_ai_categorize" time="3.156" /><testcase classname="tests.test_ai_meta.TestAI" name="test_ai_categorize_empty_description" time="0.609" /><testcase classname="tests.test_ai_meta.TestAI" name="test_ai_insights" time="3.916" /><testcase classname="tests.test_ai_meta.TestAI" name="test_ai_insights_no_expenses" time="0.800" /><testcase classname="tests.test_auth.TestAuth" name="test_register_success" time="0.550" /><testcase classname="tests.test_auth.TestAuth" name="test_register_duplicate_email" time="0.117" /><testcase classname="tests.test_auth.TestAuth" name="test_register_invalid_pin" time="0.097" /><testcase classname="tests.test_auth.TestAuth" name="test_login_with_password" time="0.322" /><testcase classname="tests.test_auth.TestAuth" name="test_login_with_pin" time="0.320" /><testcase classname="tests.test_auth.TestAuth" name="test_login_wrong_password" time="0.329" /><testcase classname="tests.test_auth.TestAuth" name="test_login_wrong_pin" time="0.325" /><testcase classname="tests.test_auth.TestAuth" name="test_login_no_credentials" time="0.105" /><testcase classname="tests.test_auth.TestAuth" name="test_me_with_token" time="0.376" /><testcase classname="tests.test_auth.TestAuth" name="test_me_without_token" time="0.095" /><testcase classname="tests.test_auth.TestAuth" name="test_forgot_password" time="0.104" /><testcase classname="tests.test_auth.TestAuth" name="test_reset_password_flow" time="0.613"><skipped type="pytest.skip" message="Could not parse reset token from logs">/app/backend/tests/test_auth.py:149: Could not parse reset token from logs</skipped></testcase><testcase classname="tests.test_auth.TestAuth" name="test_reset_password_invalid_token" time="0.101" /><testcase classname="tests.test_balances_reports.TestBalances" name="test_get_balances" time="0.742" /><testcase classname="tests.test_balances_reports.TestBalances" name="test_settle_up" time="0.821" /><testcase classname="tests.test_balances_reports.TestReports" name="test_get_report_json" time="0.739" /><testcase classname="tests.test_balances_reports.TestReports" name="test_get_report_xlsx" time="0.701" /><testcase classname="tests.test_expenses.TestExpenses" name="test_add_expense_with_category" time="0.660" /><testcase classname="tests.test_expenses.TestExpenses" name="test_add_expense_default_split" time="0.730" /><testcase classname="tests.test_expenses.TestExpenses" name="test_add_expense_selected_split" time="0.751" /><testcase classname="tests.test_expenses.TestExpenses" name="test_budget_over_limit_requires_confirmation" time="0.669" /><testcase classname="tests.test_expenses.TestExpenses" name="test_budget_over_limit_with_force" time="0.657" /><testcase classname="tests.test_expenses.TestExpenses" name="test_list_expenses" time="0.694" /><testcase classname="tests.test_expenses.TestExpenses" name="test_update_expense" time="0.684" /><testcase classname="tests.test_expenses.TestExpenses" name="test_delete_expense" time="0.683" /><testcase classname="tests.test_expenses.TestExpenses" name="test_family_member_weight_split" time="0.731" /><testcase classname="tests.test_expenses.TestExpenses" name="test_invalid_category" time="0.715" /><testcase classname="tests.test_members.TestMembers" name="test_add_individual_member" time="0.695" /><testcase classname="tests.test_members.TestMembers" name="test_add_family_member" time="0.641" /><testcase classname="tests.test_members.TestMembers" name="test_update_member" time="0.691" /><testcase classname="tests.test_members.TestMembers" name="test_delete_member_no_expenses" time="0.680" /><testcase classname="tests.test_members.TestMembers" name="test_delete_member_with_expenses_fails" time="0.719" /><testcase classname="tests.test_trips.TestTrips" name="test_create_trip" time="0.601" /><testcase classname="tests.test_trips.TestTrips" name="test_list_trips" time="0.620" /><testcase classname="tests.test_trips.TestTrips" name="test_get_trip" time="0.636" /><testcase classname="tests.test_trips.TestTrips" name="test_update_trip" time="0.688" /><testcase classname="tests.test_trips.TestTrips" name="test_delete_trip" time="0.687" /><testcase classname="tests.test_trips.TestTrips" name="test_join_trip_with_code" time="1.147" /><testcase classname="tests.test_trips.TestTrips" name="test_join_trip_invalid_code" time="0.618" /><testcase classname="tests.test_trips.TestTrips" name="test_get_trip_not_member" time="1.166" /></testsuite></testsuites>